<?xml version="1.0" encoding="UTF-8"?>
<testng-results ignored="0" total="27" passed="26" failed="1" skipped="0">
  <reporter-output>
  </reporter-output>
  <suite started-at="2024-06-06T16:53:33 IST" name="Suite" finished-at="2024-06-06T17:06:05 IST" duration-ms="751872">
    <groups>
    </groups>
    <test started-at="2024-06-06T16:53:33 IST" name="Test" finished-at="2024-06-06T17:06:05 IST" duration-ms="751872">
      <class name="HomePageTestScript.TC20_Test">
        <test-method is-config="true" signature="beforeClass(java.lang.String)[pri:0, instance:HomePageTestScript.TC20_Test@17bffc17]" started-at="2024-06-06T17:04:03 IST" name="beforeClass" finished-at="2024-06-06T17:04:06 IST" duration-ms="3092" status="PASS">
          <params>
            <param index="0">
              <value>
                <![CDATA[Chrome]]>
              </value>
            </param>
          </params>
          <reporter-output>
          </reporter-output>
        </test-method> <!-- beforeClass -->
        <test-method is-config="true" signature="beforeMethod(java.lang.reflect.Method)[pri:0, instance:HomePageTestScript.TC20_Test@17bffc17]" started-at="2024-06-06T17:04:06 IST" name="beforeMethod" finished-at="2024-06-06T17:04:11 IST" duration-ms="4963" status="PASS">
          <params>
            <param index="0">
              <value>
                <![CDATA[public void HomePageTestScript.TC20_Test.digitallinktext() throws java.lang.Throwable]]>
              </value>
            </param>
          </params>
          <reporter-output>
          </reporter-output>
        </test-method> <!-- beforeMethod -->
        <test-method signature="digitallinktext()[pri:0, instance:HomePageTestScript.TC20_Test@17bffc17]" started-at="2024-06-06T17:04:11 IST" name="digitallinktext" finished-at="2024-06-06T17:04:14 IST" duration-ms="2965" status="PASS">
          <reporter-output>
          </reporter-output>
        </test-method> <!-- digitallinktext -->
        <test-method is-config="true" signature="aftermethod()[pri:0, instance:HomePageTestScript.TC20_Test@17bffc17]" started-at="2024-06-06T17:04:14 IST" name="aftermethod" finished-at="2024-06-06T17:04:15 IST" duration-ms="1056" status="PASS">
          <reporter-output>
          </reporter-output>
        </test-method> <!-- aftermethod -->
        <test-method is-config="true" signature="afterclass()[pri:0, instance:HomePageTestScript.TC20_Test@17bffc17]" started-at="2024-06-06T17:04:15 IST" name="afterclass" finished-at="2024-06-06T17:04:20 IST" duration-ms="5190" status="PASS">
          <reporter-output>
          </reporter-output>
        </test-method> <!-- afterclass -->
      </class> <!-- HomePageTestScript.TC20_Test -->
      <class name="HomePageTestScript.TC26_Test">
        <test-method is-config="true" signature="beforeClass(java.lang.String)[pri:0, instance:HomePageTestScript.TC26_Test@48e1f6c7]" started-at="2024-06-06T17:05:41 IST" name="beforeClass" finished-at="2024-06-06T17:05:44 IST" duration-ms="2711" status="PASS">
          <params>
            <param index="0">
              <value>
                <![CDATA[Chrome]]>
              </value>
            </param>
          </params>
          <reporter-output>
          </reporter-output>
        </test-method> <!-- beforeClass -->
        <test-method is-config="true" signature="beforeMethod(java.lang.reflect.Method)[pri:0, instance:HomePageTestScript.TC26_Test@48e1f6c7]" started-at="2024-06-06T17:05:44 IST" name="beforeMethod" finished-at="2024-06-06T17:05:51 IST" duration-ms="7328" status="PASS">
          <params>
            <param index="0">
              <value>
                <![CDATA[public void HomePageTestScript.TC26_Test.TCPlinktext()]]>
              </value>
            </param>
          </params>
          <reporter-output>
          </reporter-output>
        </test-method> <!-- beforeMethod -->
        <test-method signature="TCPlinktext()[pri:0, instance:HomePageTestScript.TC26_Test@48e1f6c7]" started-at="2024-06-06T17:05:51 IST" name="TCPlinktext" finished-at="2024-06-06T17:05:52 IST" duration-ms="768" status="PASS">
          <reporter-output>
          </reporter-output>
        </test-method> <!-- TCPlinktext -->
        <test-method is-config="true" signature="aftermethod()[pri:0, instance:HomePageTestScript.TC26_Test@48e1f6c7]" started-at="2024-06-06T17:05:52 IST" name="aftermethod" finished-at="2024-06-06T17:05:53 IST" duration-ms="888" status="PASS">
          <reporter-output>
          </reporter-output>
        </test-method> <!-- aftermethod -->
        <test-method is-config="true" signature="afterclass()[pri:0, instance:HomePageTestScript.TC26_Test@48e1f6c7]" started-at="2024-06-06T17:05:53 IST" name="afterclass" finished-at="2024-06-06T17:05:53 IST" duration-ms="509" status="PASS">
          <reporter-output>
          </reporter-output>
        </test-method> <!-- afterclass -->
      </class> <!-- HomePageTestScript.TC26_Test -->
      <class name="HomePageTestScript.TC09_Test">
        <test-method is-config="true" signature="beforeClass(java.lang.String)[pri:0, instance:HomePageTestScript.TC09_Test@740fb309]" started-at="2024-06-06T17:00:50 IST" name="beforeClass" finished-at="2024-06-06T17:00:54 IST" duration-ms="4126" status="PASS">
          <params>
            <param index="0">
              <value>
                <![CDATA[Chrome]]>
              </value>
            </param>
          </params>
          <reporter-output>
          </reporter-output>
        </test-method> <!-- beforeClass -->
        <test-method is-config="true" signature="beforeMethod(java.lang.reflect.Method)[pri:0, instance:HomePageTestScript.TC09_Test@740fb309]" started-at="2024-06-06T17:00:54 IST" name="beforeMethod" finished-at="2024-06-06T17:00:59 IST" duration-ms="4392" status="PASS">
          <params>
            <param index="0">
              <value>
                <![CDATA[public void HomePageTestScript.TC09_Test.jewelery()]]>
              </value>
            </param>
          </params>
          <reporter-output>
          </reporter-output>
        </test-method> <!-- beforeMethod -->
        <test-method signature="jewelery()[pri:0, instance:HomePageTestScript.TC09_Test@740fb309]" started-at="2024-06-06T17:00:59 IST" name="jewelery" finished-at="2024-06-06T17:01:00 IST" duration-ms="1042" status="PASS">
          <reporter-output>
          </reporter-output>
        </test-method> <!-- jewelery -->
        <test-method is-config="true" signature="aftermethod()[pri:0, instance:HomePageTestScript.TC09_Test@740fb309]" started-at="2024-06-06T17:01:00 IST" name="aftermethod" finished-at="2024-06-06T17:01:01 IST" duration-ms="828" status="PASS">
          <reporter-output>
          </reporter-output>
        </test-method> <!-- aftermethod -->
        <test-method is-config="true" signature="afterclass()[pri:0, instance:HomePageTestScript.TC09_Test@740fb309]" started-at="2024-06-06T17:01:01 IST" name="afterclass" finished-at="2024-06-06T17:01:03 IST" duration-ms="2034" status="PASS">
          <reporter-output>
          </reporter-output>
        </test-method> <!-- afterclass -->
      </class> <!-- HomePageTestScript.TC09_Test -->
      <class name="HomePageTestScript.TC06_Test">
        <test-method is-config="true" signature="beforeClass(java.lang.String)[pri:0, instance:HomePageTestScript.TC06_Test@2ab4bc72]" started-at="2024-06-06T16:59:38 IST" name="beforeClass" finished-at="2024-06-06T16:59:43 IST" duration-ms="5171" status="PASS">
          <params>
            <param index="0">
              <value>
                <![CDATA[Chrome]]>
              </value>
            </param>
          </params>
          <reporter-output>
          </reporter-output>
        </test-method> <!-- beforeClass -->
        <test-method is-config="true" signature="beforeMethod(java.lang.reflect.Method)[pri:0, instance:HomePageTestScript.TC06_Test@2ab4bc72]" started-at="2024-06-06T16:59:43 IST" name="beforeMethod" finished-at="2024-06-06T16:59:48 IST" duration-ms="4662" status="PASS">
          <params>
            <param index="0">
              <value>
                <![CDATA[public void HomePageTestScript.TC06_Test.ElectronicsText() throws java.lang.Throwable]]>
              </value>
            </param>
          </params>
          <reporter-output>
          </reporter-output>
        </test-method> <!-- beforeMethod -->
        <test-method signature="ElectronicsText()[pri:0, instance:HomePageTestScript.TC06_Test@2ab4bc72]" started-at="2024-06-06T16:59:48 IST" name="ElectronicsText" finished-at="2024-06-06T16:59:50 IST" duration-ms="2822" status="PASS">
          <reporter-output>
          </reporter-output>
        </test-method> <!-- ElectronicsText -->
        <test-method is-config="true" signature="aftermethod()[pri:0, instance:HomePageTestScript.TC06_Test@2ab4bc72]" started-at="2024-06-06T16:59:50 IST" name="aftermethod" finished-at="2024-06-06T16:59:51 IST" duration-ms="787" status="PASS">
          <reporter-output>
          </reporter-output>
        </test-method> <!-- aftermethod -->
        <test-method is-config="true" signature="afterclass()[pri:0, instance:HomePageTestScript.TC06_Test@2ab4bc72]" started-at="2024-06-06T16:59:51 IST" name="afterclass" finished-at="2024-06-06T17:00:12 IST" duration-ms="20469" status="PASS">
          <reporter-output>
          </reporter-output>
        </test-method> <!-- afterclass -->
      </class> <!-- HomePageTestScript.TC06_Test -->
      <class name="HomePageTestScript.TC03_Test">
        <test-method is-config="true" signature="beforeClass(java.lang.String)[pri:0, instance:HomePageTestScript.TC03_Test@6cb107fd]" started-at="2024-06-06T16:57:57 IST" name="beforeClass" finished-at="2024-06-06T16:58:37 IST" duration-ms="40300" status="PASS">
          <params>
            <param index="0">
              <value>
                <![CDATA[Chrome]]>
              </value>
            </param>
          </params>
          <reporter-output>
          </reporter-output>
        </test-method> <!-- beforeClass -->
        <test-method is-config="true" signature="beforeMethod(java.lang.reflect.Method)[pri:0, instance:HomePageTestScript.TC03_Test@6cb107fd]" started-at="2024-06-06T16:58:37 IST" name="beforeMethod" finished-at="2024-06-06T16:58:42 IST" duration-ms="5148" status="PASS">
          <params>
            <param index="0">
              <value>
                <![CDATA[public void HomePageTestScript.TC03_Test.radiobutton() throws java.lang.Throwable]]>
              </value>
            </param>
          </params>
          <reporter-output>
          </reporter-output>
        </test-method> <!-- beforeMethod -->
        <test-method signature="radiobutton()[pri:0, instance:HomePageTestScript.TC03_Test@6cb107fd]" started-at="2024-06-06T16:58:42 IST" name="radiobutton" finished-at="2024-06-06T16:59:00 IST" duration-ms="17082" status="FAIL">
          <exception class="org.openqa.selenium.NoSuchElementException">
            <message>
              <![CDATA[no such element: Unable to locate element: {"method":"xpath","selector":"//input[@id="pollanswers-3"]"}
  (Session info: chrome=125.0.6422.142)
For documentation on this error, please visit: https://www.selenium.dev/documentation/webdriver/troubleshooting/errors#no-such-element-exception
Build info: version: '4.12.0', revision: '249f2a7d1b*'
System info: os.name: 'Windows 10', os.arch: 'amd64', os.version: '10.0', java.version: '17.0.8.1'
Driver info: org.openqa.selenium.chrome.ChromeDriver
Command: [282438501dce7eaa4c3ea948fb1aa56d, findElement {using=xpath, value=//input[@id="pollanswers-3"]}]
Capabilities {acceptInsecureCerts: false, browserName: chrome, browserVersion: 125.0.6422.142, chrome: {chromedriverVersion: 125.0.6422.141 (4b1e8393712..., userDataDir: C:\Users\pdhama01\AppData\L...}, fedcm:accounts: true, goog:chromeOptions: {debuggerAddress: localhost:55128}, networkConnectionEnabled: false, pageLoadStrategy: normal, platformName: windows, proxy: Proxy(), se:cdp: ws://localhost:55128/devtoo..., se:cdpVersion: 125.0.6422.142, setWindowRect: true, strictFileInteractability: false, timeouts: {implicit: 0, pageLoad: 300000, script: 30000}, unhandledPromptBehavior: dismiss and notify, webauthn:extension:credBlob: true, webauthn:extension:largeBlob: true, webauthn:extension:minPinLength: true, webauthn:extension:prf: true, webauthn:virtualAuthenticators: true}
Session ID: 282438501dce7eaa4c3ea948fb1aa56d]]>
            </message>
            <full-stacktrace>
              <![CDATA[org.openqa.selenium.NoSuchElementException: no such element: Unable to locate element: {"method":"xpath","selector":"//input[@id="pollanswers-3"]"}
  (Session info: chrome=125.0.6422.142)
For documentation on this error, please visit: https://www.selenium.dev/documentation/webdriver/troubleshooting/errors#no-such-element-exception
Build info: version: '4.12.0', revision: '249f2a7d1b*'
System info: os.name: 'Windows 10', os.arch: 'amd64', os.version: '10.0', java.version: '17.0.8.1'
Driver info: org.openqa.selenium.chrome.ChromeDriver
Command: [282438501dce7eaa4c3ea948fb1aa56d, findElement {using=xpath, value=//input[@id="pollanswers-3"]}]
Capabilities {acceptInsecureCerts: false, browserName: chrome, browserVersion: 125.0.6422.142, chrome: {chromedriverVersion: 125.0.6422.141 (4b1e8393712..., userDataDir: C:\Users\pdhama01\AppData\L...}, fedcm:accounts: true, goog:chromeOptions: {debuggerAddress: localhost:55128}, networkConnectionEnabled: false, pageLoadStrategy: normal, platformName: windows, proxy: Proxy(), se:cdp: ws://localhost:55128/devtoo..., se:cdpVersion: 125.0.6422.142, setWindowRect: true, strictFileInteractability: false, timeouts: {implicit: 0, pageLoad: 300000, script: 30000}, unhandledPromptBehavior: dismiss and notify, webauthn:extension:credBlob: true, webauthn:extension:largeBlob: true, webauthn:extension:minPinLength: true, webauthn:extension:prf: true, webauthn:virtualAuthenticators: true}
Session ID: 282438501dce7eaa4c3ea948fb1aa56d
at java.base/jdk.internal.reflect.NativeConstructorAccessorImpl.newInstance0(Native Method)
at java.base/jdk.internal.reflect.NativeConstructorAccessorImpl.newInstance(NativeConstructorAccessorImpl.java:77)
at java.base/jdk.internal.reflect.DelegatingConstructorAccessorImpl.newInstance(DelegatingConstructorAccessorImpl.java:45)
at java.base/java.lang.reflect.Constructor.newInstanceWithCaller(Constructor.java:499)
at java.base/java.lang.reflect.Constructor.newInstance(Constructor.java:480)
at org.openqa.selenium.remote.codec.w3c.W3CHttpResponseCodec.createException(W3CHttpResponseCodec.java:200)
at org.openqa.selenium.remote.codec.w3c.W3CHttpResponseCodec.decode(W3CHttpResponseCodec.java:133)
at org.openqa.selenium.remote.codec.w3c.W3CHttpResponseCodec.decode(W3CHttpResponseCodec.java:52)
at org.openqa.selenium.remote.HttpCommandExecutor.execute(HttpCommandExecutor.java:191)
at org.openqa.selenium.remote.service.DriverCommandExecutor.invokeExecute(DriverCommandExecutor.java:196)
at org.openqa.selenium.remote.service.DriverCommandExecutor.execute(DriverCommandExecutor.java:171)
at org.openqa.selenium.remote.RemoteWebDriver.execute(RemoteWebDriver.java:602)
at org.openqa.selenium.remote.ElementLocation$ElementFinder$2.findElement(ElementLocation.java:165)
at org.openqa.selenium.remote.ElementLocation.findElement(ElementLocation.java:59)
at org.openqa.selenium.remote.RemoteWebDriver.findElement(RemoteWebDriver.java:359)
at org.openqa.selenium.remote.RemoteWebDriver.findElement(RemoteWebDriver.java:353)
at org.openqa.selenium.support.pagefactory.DefaultElementLocator.findElement(DefaultElementLocator.java:68)
at org.openqa.selenium.support.pagefactory.internal.LocatingElementHandler.invoke(LocatingElementHandler.java:38)
at jdk.proxy2/jdk.proxy2.$Proxy22.click(Unknown Source)
at HomePageTestScript.TC03_Test.radiobutton(TC03_Test.java:16)
at java.base/jdk.internal.reflect.NativeMethodAccessorImpl.invoke0(Native Method)
at java.base/jdk.internal.reflect.NativeMethodAccessorImpl.invoke(NativeMethodAccessorImpl.java:77)
at java.base/jdk.internal.reflect.DelegatingMethodAccessorImpl.invoke(DelegatingMethodAccessorImpl.java:43)
at java.base/java.lang.reflect.Method.invoke(Method.java:568)
at org.testng.internal.invokers.MethodInvocationHelper.invokeMethod(MethodInvocationHelper.java:141)
at org.testng.internal.invokers.TestInvoker.invokeMethod(TestInvoker.java:686)
at org.testng.internal.invokers.TestInvoker.invokeTestMethod(TestInvoker.java:230)
at org.testng.internal.invokers.MethodRunner.runInSequence(MethodRunner.java:63)
at org.testng.internal.invokers.TestInvoker$MethodInvocationAgent.invoke(TestInvoker.java:992)
at org.testng.internal.invokers.TestInvoker.invokeTestMethods(TestInvoker.java:203)
at org.testng.internal.invokers.TestMethodWorker.invokeTestMethods(TestMethodWorker.java:154)
at org.testng.internal.invokers.TestMethodWorker.run(TestMethodWorker.java:134)
at java.base/java.util.ArrayList.forEach(ArrayList.java:1511)
at org.testng.TestRunner.privateRun(TestRunner.java:739)
at org.testng.TestRunner.run(TestRunner.java:614)
at org.testng.SuiteRunner.runTest(SuiteRunner.java:421)
at org.testng.SuiteRunner.runSequentially(SuiteRunner.java:413)
at org.testng.SuiteRunner.privateRun(SuiteRunner.java:373)
at org.testng.SuiteRunner.run(SuiteRunner.java:312)
at org.testng.SuiteRunnerWorker.runSuite(SuiteRunnerWorker.java:52)
at org.testng.SuiteRunnerWorker.run(SuiteRunnerWorker.java:95)
at org.testng.TestNG.runSuitesSequentially(TestNG.java:1274)
at org.testng.TestNG.runSuitesLocally(TestNG.java:1208)
at org.testng.TestNG.runSuites(TestNG.java:1112)
at org.testng.TestNG.run(TestNG.java:1079)
at org.testng.remote.AbstractRemoteTestNG.run(AbstractRemoteTestNG.java:115)
at org.testng.remote.RemoteTestNG.initAndRun(RemoteTestNG.java:293)
at org.testng.remote.RemoteTestNG.main(RemoteTestNG.java:91)
]]>
            </full-stacktrace>
          </exception> <!-- org.openqa.selenium.NoSuchElementException -->
          <reporter-output>
          </reporter-output>
        </test-method> <!-- radiobutton -->
        <test-method is-config="true" signature="aftermethod()[pri:0, instance:HomePageTestScript.TC03_Test@6cb107fd]" started-at="2024-06-06T16:59:00 IST" name="aftermethod" finished-at="2024-06-06T16:59:01 IST" duration-ms="1446" status="PASS">
          <reporter-output>
          </reporter-output>
        </test-method> <!-- aftermethod -->
        <test-method is-config="true" signature="afterclass()[pri:0, instance:HomePageTestScript.TC03_Test@6cb107fd]" started-at="2024-06-06T16:59:01 IST" name="afterclass" finished-at="2024-06-06T16:59:06 IST" duration-ms="4709" status="PASS">
          <reporter-output>
          </reporter-output>
        </test-method> <!-- afterclass -->
      </class> <!-- HomePageTestScript.TC03_Test -->
      <class name="HomePageTestScript.TC11_Test">
        <test-method is-config="true" signature="beforeClass(java.lang.String)[pri:0, instance:HomePageTestScript.TC11_Test@43f02ef2]" started-at="2024-06-06T17:01:26 IST" name="beforeClass" finished-at="2024-06-06T17:01:29 IST" duration-ms="3166" status="PASS">
          <params>
            <param index="0">
              <value>
                <![CDATA[Chrome]]>
              </value>
            </param>
          </params>
          <reporter-output>
          </reporter-output>
        </test-method> <!-- beforeClass -->
        <test-method is-config="true" signature="beforeMethod(java.lang.reflect.Method)[pri:0, instance:HomePageTestScript.TC11_Test@43f02ef2]" started-at="2024-06-06T17:01:29 IST" name="beforeMethod" finished-at="2024-06-06T17:01:34 IST" duration-ms="4584" status="PASS">
          <params>
            <param index="0">
              <value>
                <![CDATA[public void HomePageTestScript.TC11_Test.tricentis()]]>
              </value>
            </param>
          </params>
          <reporter-output>
          </reporter-output>
        </test-method> <!-- beforeMethod -->
        <test-method signature="tricentis()[pri:0, instance:HomePageTestScript.TC11_Test@43f02ef2]" started-at="2024-06-06T17:01:34 IST" name="tricentis" finished-at="2024-06-06T17:01:35 IST" duration-ms="626" status="PASS">
          <reporter-output>
          </reporter-output>
        </test-method> <!-- tricentis -->
        <test-method is-config="true" signature="aftermethod()[pri:0, instance:HomePageTestScript.TC11_Test@43f02ef2]" started-at="2024-06-06T17:01:35 IST" name="aftermethod" finished-at="2024-06-06T17:01:35 IST" duration-ms="813" status="PASS">
          <reporter-output>
          </reporter-output>
        </test-method> <!-- aftermethod -->
        <test-method is-config="true" signature="afterclass()[pri:0, instance:HomePageTestScript.TC11_Test@43f02ef2]" started-at="2024-06-06T17:01:35 IST" name="afterclass" finished-at="2024-06-06T17:02:01 IST" duration-ms="25020" status="FAIL">
          <exception class="org.openqa.selenium.WebDriverException">
            <message>
              <![CDATA[Timed out waiting for driver server to stop.
Build info: version: '4.12.0', revision: '249f2a7d1b*'
System info: os.name: 'Windows 10', os.arch: 'amd64', os.version: '10.0', java.version: '17.0.8.1'
Driver info: org.openqa.selenium.chrome.ChromeDriver
Command: [2cce4d30d4da4a5a80a62b881d9a485f, quit {}]
Capabilities {acceptInsecureCerts: false, browserName: chrome, browserVersion: 125.0.6422.142, chrome: {chromedriverVersion: 125.0.6422.141 (4b1e8393712..., userDataDir: C:\Users\pdhama01\AppData\L...}, fedcm:accounts: true, goog:chromeOptions: {debuggerAddress: localhost:55849}, networkConnectionEnabled: false, pageLoadStrategy: normal, platformName: windows, proxy: Proxy(), se:cdp: ws://localhost:55849/devtoo..., se:cdpVersion: 125.0.6422.142, setWindowRect: true, strictFileInteractability: false, timeouts: {implicit: 0, pageLoad: 300000, script: 30000}, unhandledPromptBehavior: dismiss and notify, webauthn:extension:credBlob: true, webauthn:extension:largeBlob: true, webauthn:extension:minPinLength: true, webauthn:extension:prf: true, webauthn:virtualAuthenticators: true}
Session ID: 2cce4d30d4da4a5a80a62b881d9a485f]]>
            </message>
            <full-stacktrace>
              <![CDATA[org.openqa.selenium.WebDriverException: Timed out waiting for driver server to stop.
Build info: version: '4.12.0', revision: '249f2a7d1b*'
System info: os.name: 'Windows 10', os.arch: 'amd64', os.version: '10.0', java.version: '17.0.8.1'
Driver info: org.openqa.selenium.chrome.ChromeDriver
Command: [2cce4d30d4da4a5a80a62b881d9a485f, quit {}]
Capabilities {acceptInsecureCerts: false, browserName: chrome, browserVersion: 125.0.6422.142, chrome: {chromedriverVersion: 125.0.6422.141 (4b1e8393712..., userDataDir: C:\Users\pdhama01\AppData\L...}, fedcm:accounts: true, goog:chromeOptions: {debuggerAddress: localhost:55849}, networkConnectionEnabled: false, pageLoadStrategy: normal, platformName: windows, proxy: Proxy(), se:cdp: ws://localhost:55849/devtoo..., se:cdpVersion: 125.0.6422.142, setWindowRect: true, strictFileInteractability: false, timeouts: {implicit: 0, pageLoad: 300000, script: 30000}, unhandledPromptBehavior: dismiss and notify, webauthn:extension:credBlob: true, webauthn:extension:largeBlob: true, webauthn:extension:minPinLength: true, webauthn:extension:prf: true, webauthn:virtualAuthenticators: true}
Session ID: 2cce4d30d4da4a5a80a62b881d9a485f
at org.openqa.selenium.remote.service.DriverCommandExecutor.execute(DriverCommandExecutor.java:161)
at org.openqa.selenium.remote.RemoteWebDriver.execute(RemoteWebDriver.java:602)
at org.openqa.selenium.remote.RemoteWebDriver.execute(RemoteWebDriver.java:675)
at org.openqa.selenium.remote.RemoteWebDriver.execute(RemoteWebDriver.java:679)
at org.openqa.selenium.remote.RemoteWebDriver.quit(RemoteWebDriver.java:437)
at org.openqa.selenium.chromium.ChromiumDriver.quit(ChromiumDriver.java:351)
at genericlib.BaseClass.afterclass(BaseClass.java:100)
at java.base/jdk.internal.reflect.NativeMethodAccessorImpl.invoke0(Native Method)
at java.base/jdk.internal.reflect.NativeMethodAccessorImpl.invoke(NativeMethodAccessorImpl.java:77)
at java.base/jdk.internal.reflect.DelegatingMethodAccessorImpl.invoke(DelegatingMethodAccessorImpl.java:43)
at java.base/java.lang.reflect.Method.invoke(Method.java:568)
at org.testng.internal.invokers.MethodInvocationHelper.invokeMethod(MethodInvocationHelper.java:141)
at org.testng.internal.invokers.MethodInvocationHelper.invokeMethodConsideringTimeout(MethodInvocationHelper.java:71)
at org.testng.internal.invokers.ConfigInvoker.invokeConfigurationMethod(ConfigInvoker.java:400)
at org.testng.internal.invokers.ConfigInvoker.invokeConfigurations(ConfigInvoker.java:333)
at org.testng.internal.invokers.TestMethodWorker.invokeAfterClassConfigurations(TestMethodWorker.java:238)
at org.testng.internal.invokers.TestMethodWorker.invokeAfterClassMethods(TestMethodWorker.java:223)
at org.testng.internal.invokers.TestMethodWorker.run(TestMethodWorker.java:137)
at java.base/java.util.ArrayList.forEach(ArrayList.java:1511)
at org.testng.TestRunner.privateRun(TestRunner.java:739)
at org.testng.TestRunner.run(TestRunner.java:614)
at org.testng.SuiteRunner.runTest(SuiteRunner.java:421)
at org.testng.SuiteRunner.runSequentially(SuiteRunner.java:413)
at org.testng.SuiteRunner.privateRun(SuiteRunner.java:373)
at org.testng.SuiteRunner.run(SuiteRunner.java:312)
at org.testng.SuiteRunnerWorker.runSuite(SuiteRunnerWorker.java:52)
at org.testng.SuiteRunnerWorker.run(SuiteRunnerWorker.java:95)
at org.testng.TestNG.runSuitesSequentially(TestNG.java:1274)
at org.testng.TestNG.runSuitesLocally(TestNG.java:1208)
at org.testng.TestNG.runSuites(TestNG.java:1112)
at org.testng.TestNG.run(TestNG.java:1079)
at org.testng.remote.AbstractRemoteTestNG.run(AbstractRemoteTestNG.java:115)
at org.testng.remote.RemoteTestNG.initAndRun(RemoteTestNG.java:293)
at org.testng.remote.RemoteTestNG.main(RemoteTestNG.java:91)
Caused by: java.util.concurrent.ExecutionException: org.openqa.selenium.TimeoutException: Process timed out after waiting for 20000 ms.
Build info: version: '4.12.0', revision: '249f2a7d1b*'
System info: os.name: 'Windows 10', os.arch: 'amd64', os.version: '10.0', java.version: '17.0.8.1'
Driver info: driver.version: unknown
at java.base/java.util.concurrent.CompletableFuture.reportGet(CompletableFuture.java:396)
at java.base/java.util.concurrent.CompletableFuture.get(CompletableFuture.java:2096)
at org.openqa.selenium.remote.service.DriverCommandExecutor.execute(DriverCommandExecutor.java:157)
... 33 more
Caused by: org.openqa.selenium.TimeoutException: Process timed out after waiting for 20000 ms.
Build info: version: '4.12.0', revision: '249f2a7d1b*'
System info: os.name: 'Windows 10', os.arch: 'amd64', os.version: '10.0', java.version: '17.0.8.1'
Driver info: driver.version: unknown
at org.openqa.selenium.os.OsProcess.waitFor(OsProcess.java:183)
at org.openqa.selenium.os.CommandLine.waitFor(CommandLine.java:117)
at org.openqa.selenium.remote.service.DriverCommandExecutor.lambda$execute$2(DriverCommandExecutor.java:148)
at java.base/java.util.concurrent.CompletableFuture$AsyncSupply.run(CompletableFuture.java:1768)
at java.base/java.util.concurrent.ThreadPoolExecutor.runWorker(ThreadPoolExecutor.java:1136)
at java.base/java.util.concurrent.ThreadPoolExecutor$Worker.run(ThreadPoolExecutor.java:635)
at java.base/java.lang.Thread.run(Thread.java:833)
]]>
            </full-stacktrace>
          </exception> <!-- org.openqa.selenium.WebDriverException -->
          <reporter-output>
          </reporter-output>
        </test-method> <!-- afterclass -->
      </class> <!-- HomePageTestScript.TC11_Test -->
      <class name="HomePageTestScript.TC14_Test">
        <test-method is-config="true" signature="beforeClass(java.lang.String)[pri:0, instance:HomePageTestScript.TC14_Test@6f204a1a]" started-at="2024-06-06T17:02:31 IST" name="beforeClass" finished-at="2024-06-06T17:02:34 IST" duration-ms="3252" status="PASS">
          <params>
            <param index="0">
              <value>
                <![CDATA[Chrome]]>
              </value>
            </param>
          </params>
          <reporter-output>
          </reporter-output>
        </test-method> <!-- beforeClass -->
        <test-method is-config="true" signature="beforeMethod(java.lang.reflect.Method)[pri:0, instance:HomePageTestScript.TC14_Test@6f204a1a]" started-at="2024-06-06T17:02:34 IST" name="beforeMethod" finished-at="2024-06-06T17:02:42 IST" duration-ms="8167" status="PASS">
          <params>
            <param index="0">
              <value>
                <![CDATA[public void HomePageTestScript.TC14_Test.bookstextlinks()]]>
              </value>
            </param>
          </params>
          <reporter-output>
          </reporter-output>
        </test-method> <!-- beforeMethod -->
        <test-method signature="bookstextlinks()[pri:0, instance:HomePageTestScript.TC14_Test@6f204a1a]" started-at="2024-06-06T17:02:42 IST" name="bookstextlinks" finished-at="2024-06-06T17:02:43 IST" duration-ms="762" status="PASS">
          <reporter-output>
          </reporter-output>
        </test-method> <!-- bookstextlinks -->
        <test-method is-config="true" signature="aftermethod()[pri:0, instance:HomePageTestScript.TC14_Test@6f204a1a]" started-at="2024-06-06T17:02:43 IST" name="aftermethod" finished-at="2024-06-06T17:02:44 IST" duration-ms="772" status="PASS">
          <reporter-output>
          </reporter-output>
        </test-method> <!-- aftermethod -->
        <test-method is-config="true" signature="afterclass()[pri:0, instance:HomePageTestScript.TC14_Test@6f204a1a]" started-at="2024-06-06T17:02:44 IST" name="afterclass" finished-at="2024-06-06T17:02:45 IST" duration-ms="1451" status="PASS">
          <reporter-output>
          </reporter-output>
        </test-method> <!-- afterclass -->
      </class> <!-- HomePageTestScript.TC14_Test -->
      <class name="HomePageTestScript.TC22_Test">
        <test-method is-config="true" signature="beforeClass(java.lang.String)[pri:0, instance:HomePageTestScript.TC22_Test@15a34df2]" started-at="2024-06-06T17:04:36 IST" name="beforeClass" finished-at="2024-06-06T17:04:40 IST" duration-ms="4067" status="PASS">
          <params>
            <param index="0">
              <value>
                <![CDATA[Chrome]]>
              </value>
            </param>
          </params>
          <reporter-output>
          </reporter-output>
        </test-method> <!-- beforeClass -->
        <test-method is-config="true" signature="beforeMethod(java.lang.reflect.Method)[pri:0, instance:HomePageTestScript.TC22_Test@15a34df2]" started-at="2024-06-06T17:04:40 IST" name="beforeMethod" finished-at="2024-06-06T17:04:45 IST" duration-ms="4885" status="PASS">
          <params>
            <param index="0">
              <value>
                <![CDATA[public void HomePageTestScript.TC22_Test.jewelerylinktext1() throws java.lang.Throwable]]>
              </value>
            </param>
          </params>
          <reporter-output>
          </reporter-output>
        </test-method> <!-- beforeMethod -->
        <test-method signature="jewelerylinktext1()[pri:0, instance:HomePageTestScript.TC22_Test@15a34df2]" started-at="2024-06-06T17:04:45 IST" name="jewelerylinktext1" finished-at="2024-06-06T17:04:50 IST" duration-ms="4933" status="PASS">
          <reporter-output>
          </reporter-output>
        </test-method> <!-- jewelerylinktext1 -->
        <test-method is-config="true" signature="aftermethod()[pri:0, instance:HomePageTestScript.TC22_Test@15a34df2]" started-at="2024-06-06T17:04:50 IST" name="aftermethod" finished-at="2024-06-06T17:04:52 IST" duration-ms="1704" status="PASS">
          <reporter-output>
          </reporter-output>
        </test-method> <!-- aftermethod -->
        <test-method is-config="true" signature="afterclass()[pri:0, instance:HomePageTestScript.TC22_Test@15a34df2]" started-at="2024-06-06T17:04:52 IST" name="afterclass" finished-at="2024-06-06T17:04:53 IST" duration-ms="1261" status="PASS">
          <reporter-output>
          </reporter-output>
        </test-method> <!-- afterclass -->
      </class> <!-- HomePageTestScript.TC22_Test -->
      <class name="HomePageTestScript.TC17_Test">
        <test-method is-config="true" signature="beforeClass(java.lang.String)[pri:0, instance:HomePageTestScript.TC17_Test@5745ca0e]" started-at="2024-06-06T17:03:17 IST" name="beforeClass" finished-at="2024-06-06T17:03:21 IST" duration-ms="4548" status="PASS">
          <params>
            <param index="0">
              <value>
                <![CDATA[Chrome]]>
              </value>
            </param>
          </params>
          <reporter-output>
          </reporter-output>
        </test-method> <!-- beforeClass -->
        <test-method is-config="true" signature="beforeMethod(java.lang.reflect.Method)[pri:0, instance:HomePageTestScript.TC17_Test@5745ca0e]" started-at="2024-06-06T17:03:21 IST" name="beforeMethod" finished-at="2024-06-06T17:03:26 IST" duration-ms="4531" status="PASS">
          <params>
            <param index="0">
              <value>
                <![CDATA[public void HomePageTestScript.TC17_Test.compact()]]>
              </value>
            </param>
          </params>
          <reporter-output>
          </reporter-output>
        </test-method> <!-- beforeMethod -->
        <test-method signature="compact()[pri:0, instance:HomePageTestScript.TC17_Test@5745ca0e]" started-at="2024-06-06T17:03:26 IST" name="compact" finished-at="2024-06-06T17:03:27 IST" duration-ms="869" status="PASS">
          <reporter-output>
          </reporter-output>
        </test-method> <!-- compact -->
        <test-method is-config="true" signature="aftermethod()[pri:0, instance:HomePageTestScript.TC17_Test@5745ca0e]" started-at="2024-06-06T17:03:27 IST" name="aftermethod" finished-at="2024-06-06T17:03:28 IST" duration-ms="939" status="PASS">
          <reporter-output>
          </reporter-output>
        </test-method> <!-- aftermethod -->
        <test-method is-config="true" signature="afterclass()[pri:0, instance:HomePageTestScript.TC17_Test@5745ca0e]" started-at="2024-06-06T17:03:28 IST" name="afterclass" finished-at="2024-06-06T17:03:32 IST" duration-ms="4001" status="PASS">
          <reporter-output>
          </reporter-output>
        </test-method> <!-- afterclass -->
      </class> <!-- HomePageTestScript.TC17_Test -->
      <class name="HomePageTestScript.TC25_Test">
        <test-method is-config="true" signature="beforeClass(java.lang.String)[pri:0, instance:HomePageTestScript.TC25_Test@4722ef0c]" started-at="2024-06-06T17:05:25 IST" name="beforeClass" finished-at="2024-06-06T17:05:27 IST" duration-ms="2514" status="PASS">
          <params>
            <param index="0">
              <value>
                <![CDATA[Chrome]]>
              </value>
            </param>
          </params>
          <reporter-output>
          </reporter-output>
        </test-method> <!-- beforeClass -->
        <test-method is-config="true" signature="beforeMethod(java.lang.reflect.Method)[pri:0, instance:HomePageTestScript.TC25_Test@4722ef0c]" started-at="2024-06-06T17:05:27 IST" name="beforeMethod" finished-at="2024-06-06T17:05:33 IST" duration-ms="5195" status="PASS">
          <params>
            <param index="0">
              <value>
                <![CDATA[public void HomePageTestScript.TC25_Test.shoeslinktext() throws java.lang.Throwable]]>
              </value>
            </param>
          </params>
          <reporter-output>
          </reporter-output>
        </test-method> <!-- beforeMethod -->
        <test-method signature="shoeslinktext()[pri:0, instance:HomePageTestScript.TC25_Test@4722ef0c]" started-at="2024-06-06T17:05:33 IST" name="shoeslinktext" finished-at="2024-06-06T17:05:38 IST" duration-ms="5197" status="PASS">
          <reporter-output>
          </reporter-output>
        </test-method> <!-- shoeslinktext -->
        <test-method is-config="true" signature="aftermethod()[pri:0, instance:HomePageTestScript.TC25_Test@4722ef0c]" started-at="2024-06-06T17:05:38 IST" name="aftermethod" finished-at="2024-06-06T17:05:40 IST" duration-ms="1944" status="PASS">
          <reporter-output>
          </reporter-output>
        </test-method> <!-- aftermethod -->
        <test-method is-config="true" signature="afterclass()[pri:0, instance:HomePageTestScript.TC25_Test@4722ef0c]" started-at="2024-06-06T17:05:40 IST" name="afterclass" finished-at="2024-06-06T17:05:41 IST" duration-ms="1302" status="PASS">
          <reporter-output>
          </reporter-output>
        </test-method> <!-- afterclass -->
      </class> <!-- HomePageTestScript.TC25_Test -->
      <class name="HomePageTestScript.TC21_Test">
        <test-method is-config="true" signature="beforeClass(java.lang.String)[pri:0, instance:HomePageTestScript.TC21_Test@6e535154]" started-at="2024-06-06T17:04:20 IST" name="beforeClass" finished-at="2024-06-06T17:04:24 IST" duration-ms="3242" status="PASS">
          <params>
            <param index="0">
              <value>
                <![CDATA[Chrome]]>
              </value>
            </param>
          </params>
          <reporter-output>
          </reporter-output>
        </test-method> <!-- beforeClass -->
        <test-method is-config="true" signature="beforeMethod(java.lang.reflect.Method)[pri:0, instance:HomePageTestScript.TC21_Test@6e535154]" started-at="2024-06-06T17:04:24 IST" name="beforeMethod" finished-at="2024-06-06T17:04:31 IST" duration-ms="7326" status="PASS">
          <params>
            <param index="0">
              <value>
                <![CDATA[public void HomePageTestScript.TC21_Test.giftlinktext() throws java.lang.Throwable]]>
              </value>
            </param>
          </params>
          <reporter-output>
          </reporter-output>
        </test-method> <!-- beforeMethod -->
        <test-method signature="giftlinktext()[pri:0, instance:HomePageTestScript.TC21_Test@6e535154]" started-at="2024-06-06T17:04:31 IST" name="giftlinktext" finished-at="2024-06-06T17:04:35 IST" duration-ms="3603" status="PASS">
          <reporter-output>
          </reporter-output>
        </test-method> <!-- giftlinktext -->
        <test-method is-config="true" signature="aftermethod()[pri:0, instance:HomePageTestScript.TC21_Test@6e535154]" started-at="2024-06-06T17:04:35 IST" name="aftermethod" finished-at="2024-06-06T17:04:35 IST" duration-ms="879" status="PASS">
          <reporter-output>
          </reporter-output>
        </test-method> <!-- aftermethod -->
        <test-method is-config="true" signature="afterclass()[pri:0, instance:HomePageTestScript.TC21_Test@6e535154]" started-at="2024-06-06T17:04:35 IST" name="afterclass" finished-at="2024-06-06T17:04:36 IST" duration-ms="688" status="PASS">
          <reporter-output>
          </reporter-output>
        </test-method> <!-- afterclass -->
      </class> <!-- HomePageTestScript.TC21_Test -->
      <class name="HomePageTestScript.TC10_Test">
        <test-method is-config="true" signature="beforeClass(java.lang.String)[pri:0, instance:HomePageTestScript.TC10_Test@7bd7d6d6]" started-at="2024-06-06T17:01:03 IST" name="beforeClass" finished-at="2024-06-06T17:01:06 IST" duration-ms="3693" status="PASS">
          <params>
            <param index="0">
              <value>
                <![CDATA[Chrome]]>
              </value>
            </param>
          </params>
          <reporter-output>
          </reporter-output>
        </test-method> <!-- beforeClass -->
        <test-method is-config="true" signature="beforeMethod(java.lang.reflect.Method)[pri:0, instance:HomePageTestScript.TC10_Test@7bd7d6d6]" started-at="2024-06-06T17:01:06 IST" name="beforeMethod" finished-at="2024-06-06T17:01:13 IST" duration-ms="6773" status="PASS">
          <params>
            <param index="0">
              <value>
                <![CDATA[public void HomePageTestScript.TC10_Test.giftcardtext()]]>
              </value>
            </param>
          </params>
          <reporter-output>
          </reporter-output>
        </test-method> <!-- beforeMethod -->
        <test-method signature="giftcardtext()[pri:0, instance:HomePageTestScript.TC10_Test@7bd7d6d6]" started-at="2024-06-06T17:01:13 IST" name="giftcardtext" finished-at="2024-06-06T17:01:14 IST" duration-ms="761" status="PASS">
          <reporter-output>
          </reporter-output>
        </test-method> <!-- giftcardtext -->
        <test-method is-config="true" signature="aftermethod()[pri:0, instance:HomePageTestScript.TC10_Test@7bd7d6d6]" started-at="2024-06-06T17:01:14 IST" name="aftermethod" finished-at="2024-06-06T17:01:15 IST" duration-ms="808" status="PASS">
          <reporter-output>
          </reporter-output>
        </test-method> <!-- aftermethod -->
        <test-method is-config="true" signature="afterclass()[pri:0, instance:HomePageTestScript.TC10_Test@7bd7d6d6]" started-at="2024-06-06T17:01:15 IST" name="afterclass" finished-at="2024-06-06T17:01:26 IST" duration-ms="11613" status="PASS">
          <reporter-output>
          </reporter-output>
        </test-method> <!-- afterclass -->
      </class> <!-- HomePageTestScript.TC10_Test -->
      <class name="HomePageTestScript.TC19_Test">
        <test-method is-config="true" signature="beforeClass(java.lang.String)[pri:0, instance:HomePageTestScript.TC19_Test@3cce5371]" started-at="2024-06-06T17:03:47 IST" name="beforeClass" finished-at="2024-06-06T17:03:49 IST" duration-ms="2933" status="PASS">
          <params>
            <param index="0">
              <value>
                <![CDATA[Chrome]]>
              </value>
            </param>
          </params>
          <reporter-output>
          </reporter-output>
        </test-method> <!-- beforeClass -->
        <test-method is-config="true" signature="beforeMethod(java.lang.reflect.Method)[pri:0, instance:HomePageTestScript.TC19_Test@3cce5371]" started-at="2024-06-06T17:03:49 IST" name="beforeMethod" finished-at="2024-06-06T17:03:57 IST" duration-ms="7478" status="PASS">
          <params>
            <param index="0">
              <value>
                <![CDATA[public void HomePageTestScript.TC19_Test.coollinktext()]]>
              </value>
            </param>
          </params>
          <reporter-output>
          </reporter-output>
        </test-method> <!-- beforeMethod -->
        <test-method signature="coollinktext()[pri:0, instance:HomePageTestScript.TC19_Test@3cce5371]" started-at="2024-06-06T17:03:57 IST" name="coollinktext" finished-at="2024-06-06T17:03:58 IST" duration-ms="914" status="PASS">
          <reporter-output>
          </reporter-output>
        </test-method> <!-- coollinktext -->
        <test-method is-config="true" signature="aftermethod()[pri:0, instance:HomePageTestScript.TC19_Test@3cce5371]" started-at="2024-06-06T17:03:58 IST" name="aftermethod" finished-at="2024-06-06T17:03:59 IST" duration-ms="943" status="PASS">
          <reporter-output>
          </reporter-output>
        </test-method> <!-- aftermethod -->
        <test-method is-config="true" signature="afterclass()[pri:0, instance:HomePageTestScript.TC19_Test@3cce5371]" started-at="2024-06-06T17:03:59 IST" name="afterclass" finished-at="2024-06-06T17:04:03 IST" duration-ms="4358" status="PASS">
          <reporter-output>
          </reporter-output>
        </test-method> <!-- afterclass -->
      </class> <!-- HomePageTestScript.TC19_Test -->
      <class name="HomePageTestScript.TC16_Test">
        <test-method is-config="true" signature="beforeClass(java.lang.String)[pri:0, instance:HomePageTestScript.TC16_Test@5f8e8a9d]" started-at="2024-06-06T17:03:00 IST" name="beforeClass" finished-at="2024-06-06T17:03:02 IST" duration-ms="2618" status="PASS">
          <params>
            <param index="0">
              <value>
                <![CDATA[Chrome]]>
              </value>
            </param>
          </params>
          <reporter-output>
          </reporter-output>
        </test-method> <!-- beforeClass -->
        <test-method is-config="true" signature="beforeMethod(java.lang.reflect.Method)[pri:0, instance:HomePageTestScript.TC16_Test@5f8e8a9d]" started-at="2024-06-06T17:03:02 IST" name="beforeMethod" finished-at="2024-06-06T17:03:08 IST" duration-ms="5288" status="PASS">
          <params>
            <param index="0">
              <value>
                <![CDATA[public void HomePageTestScript.TC16_Test.cell()]]>
              </value>
            </param>
          </params>
          <reporter-output>
          </reporter-output>
        </test-method> <!-- beforeMethod -->
        <test-method signature="cell()[pri:0, instance:HomePageTestScript.TC16_Test@5f8e8a9d]" started-at="2024-06-06T17:03:08 IST" name="cell" finished-at="2024-06-06T17:03:08 IST" duration-ms="763" status="PASS">
          <reporter-output>
          </reporter-output>
        </test-method> <!-- cell -->
        <test-method is-config="true" signature="aftermethod()[pri:0, instance:HomePageTestScript.TC16_Test@5f8e8a9d]" started-at="2024-06-06T17:03:08 IST" name="aftermethod" finished-at="2024-06-06T17:03:09 IST" duration-ms="835" status="PASS">
          <reporter-output>
          </reporter-output>
        </test-method> <!-- aftermethod -->
        <test-method is-config="true" signature="afterclass()[pri:0, instance:HomePageTestScript.TC16_Test@5f8e8a9d]" started-at="2024-06-06T17:03:09 IST" name="afterclass" finished-at="2024-06-06T17:03:17 IST" duration-ms="7583" status="PASS">
          <reporter-output>
          </reporter-output>
        </test-method> <!-- afterclass -->
      </class> <!-- HomePageTestScript.TC16_Test -->
      <class name="HomePageTestScript.TC02_Test">
        <test-method is-config="true" signature="beforeClass(java.lang.String)[pri:0, instance:HomePageTestScript.TC02_Test@5b799640]" started-at="2024-06-06T16:55:12 IST" name="beforeClass" finished-at="2024-06-06T16:55:28 IST" duration-ms="16201" status="PASS">
          <params>
            <param index="0">
              <value>
                <![CDATA[Chrome]]>
              </value>
            </param>
          </params>
          <reporter-output>
          </reporter-output>
        </test-method> <!-- beforeClass -->
        <test-method is-config="true" signature="beforeMethod(java.lang.reflect.Method)[pri:0, instance:HomePageTestScript.TC02_Test@5b799640]" started-at="2024-06-06T16:55:28 IST" name="beforeMethod" finished-at="2024-06-06T16:57:26 IST" duration-ms="118538" status="PASS">
          <params>
            <param index="0">
              <value>
                <![CDATA[public void HomePageTestScript.TC02_Test.newsletter() throws java.lang.Throwable]]>
              </value>
            </param>
          </params>
          <reporter-output>
          </reporter-output>
        </test-method> <!-- beforeMethod -->
        <test-method signature="newsletter()[pri:0, instance:HomePageTestScript.TC02_Test@5b799640]" started-at="2024-06-06T16:57:26 IST" name="newsletter" finished-at="2024-06-06T16:57:29 IST" duration-ms="2708" status="PASS">
          <reporter-output>
          </reporter-output>
        </test-method> <!-- newsletter -->
        <test-method is-config="true" signature="aftermethod()[pri:0, instance:HomePageTestScript.TC02_Test@5b799640]" started-at="2024-06-06T16:57:29 IST" name="aftermethod" finished-at="2024-06-06T16:57:32 IST" duration-ms="2535" status="PASS">
          <reporter-output>
          </reporter-output>
        </test-method> <!-- aftermethod -->
        <test-method is-config="true" signature="afterclass()[pri:0, instance:HomePageTestScript.TC02_Test@5b799640]" started-at="2024-06-06T16:57:32 IST" name="afterclass" finished-at="2024-06-06T16:57:57 IST" duration-ms="25255" status="FAIL">
          <exception class="org.openqa.selenium.WebDriverException">
            <message>
              <![CDATA[Timed out waiting for driver server to stop.
Build info: version: '4.12.0', revision: '249f2a7d1b*'
System info: os.name: 'Windows 10', os.arch: 'amd64', os.version: '10.0', java.version: '17.0.8.1'
Driver info: org.openqa.selenium.chrome.ChromeDriver
Command: [7d71dca2bae5d22bee38165eed8e4141, quit {}]
Capabilities {acceptInsecureCerts: false, browserName: chrome, browserVersion: 125.0.6422.142, chrome: {chromedriverVersion: 125.0.6422.141 (4b1e8393712..., userDataDir: C:\Users\pdhama01\AppData\L...}, fedcm:accounts: true, goog:chromeOptions: {debuggerAddress: localhost:54799}, networkConnectionEnabled: false, pageLoadStrategy: normal, platformName: windows, proxy: Proxy(), se:cdp: ws://localhost:54799/devtoo..., se:cdpVersion: 125.0.6422.142, setWindowRect: true, strictFileInteractability: false, timeouts: {implicit: 0, pageLoad: 300000, script: 30000}, unhandledPromptBehavior: dismiss and notify, webauthn:extension:credBlob: true, webauthn:extension:largeBlob: true, webauthn:extension:minPinLength: true, webauthn:extension:prf: true, webauthn:virtualAuthenticators: true}
Session ID: 7d71dca2bae5d22bee38165eed8e4141]]>
            </message>
            <full-stacktrace>
              <![CDATA[org.openqa.selenium.WebDriverException: Timed out waiting for driver server to stop.
Build info: version: '4.12.0', revision: '249f2a7d1b*'
System info: os.name: 'Windows 10', os.arch: 'amd64', os.version: '10.0', java.version: '17.0.8.1'
Driver info: org.openqa.selenium.chrome.ChromeDriver
Command: [7d71dca2bae5d22bee38165eed8e4141, quit {}]
Capabilities {acceptInsecureCerts: false, browserName: chrome, browserVersion: 125.0.6422.142, chrome: {chromedriverVersion: 125.0.6422.141 (4b1e8393712..., userDataDir: C:\Users\pdhama01\AppData\L...}, fedcm:accounts: true, goog:chromeOptions: {debuggerAddress: localhost:54799}, networkConnectionEnabled: false, pageLoadStrategy: normal, platformName: windows, proxy: Proxy(), se:cdp: ws://localhost:54799/devtoo..., se:cdpVersion: 125.0.6422.142, setWindowRect: true, strictFileInteractability: false, timeouts: {implicit: 0, pageLoad: 300000, script: 30000}, unhandledPromptBehavior: dismiss and notify, webauthn:extension:credBlob: true, webauthn:extension:largeBlob: true, webauthn:extension:minPinLength: true, webauthn:extension:prf: true, webauthn:virtualAuthenticators: true}
Session ID: 7d71dca2bae5d22bee38165eed8e4141
at org.openqa.selenium.remote.service.DriverCommandExecutor.execute(DriverCommandExecutor.java:161)
at org.openqa.selenium.remote.RemoteWebDriver.execute(RemoteWebDriver.java:602)
at org.openqa.selenium.remote.RemoteWebDriver.execute(RemoteWebDriver.java:675)
at org.openqa.selenium.remote.RemoteWebDriver.execute(RemoteWebDriver.java:679)
at org.openqa.selenium.remote.RemoteWebDriver.quit(RemoteWebDriver.java:437)
at org.openqa.selenium.chromium.ChromiumDriver.quit(ChromiumDriver.java:351)
at genericlib.BaseClass.afterclass(BaseClass.java:100)
at java.base/jdk.internal.reflect.NativeMethodAccessorImpl.invoke0(Native Method)
at java.base/jdk.internal.reflect.NativeMethodAccessorImpl.invoke(NativeMethodAccessorImpl.java:77)
at java.base/jdk.internal.reflect.DelegatingMethodAccessorImpl.invoke(DelegatingMethodAccessorImpl.java:43)
at java.base/java.lang.reflect.Method.invoke(Method.java:568)
at org.testng.internal.invokers.MethodInvocationHelper.invokeMethod(MethodInvocationHelper.java:141)
at org.testng.internal.invokers.MethodInvocationHelper.invokeMethodConsideringTimeout(MethodInvocationHelper.java:71)
at org.testng.internal.invokers.ConfigInvoker.invokeConfigurationMethod(ConfigInvoker.java:400)
at org.testng.internal.invokers.ConfigInvoker.invokeConfigurations(ConfigInvoker.java:333)
at org.testng.internal.invokers.TestMethodWorker.invokeAfterClassConfigurations(TestMethodWorker.java:238)
at org.testng.internal.invokers.TestMethodWorker.invokeAfterClassMethods(TestMethodWorker.java:223)
at org.testng.internal.invokers.TestMethodWorker.run(TestMethodWorker.java:137)
at java.base/java.util.ArrayList.forEach(ArrayList.java:1511)
at org.testng.TestRunner.privateRun(TestRunner.java:739)
at org.testng.TestRunner.run(TestRunner.java:614)
at org.testng.SuiteRunner.runTest(SuiteRunner.java:421)
at org.testng.SuiteRunner.runSequentially(SuiteRunner.java:413)
at org.testng.SuiteRunner.privateRun(SuiteRunner.java:373)
at org.testng.SuiteRunner.run(SuiteRunner.java:312)
at org.testng.SuiteRunnerWorker.runSuite(SuiteRunnerWorker.java:52)
at org.testng.SuiteRunnerWorker.run(SuiteRunnerWorker.java:95)
at org.testng.TestNG.runSuitesSequentially(TestNG.java:1274)
at org.testng.TestNG.runSuitesLocally(TestNG.java:1208)
at org.testng.TestNG.runSuites(TestNG.java:1112)
at org.testng.TestNG.run(TestNG.java:1079)
at org.testng.remote.AbstractRemoteTestNG.run(AbstractRemoteTestNG.java:115)
at org.testng.remote.RemoteTestNG.initAndRun(RemoteTestNG.java:293)
at org.testng.remote.RemoteTestNG.main(RemoteTestNG.java:91)
Caused by: java.util.concurrent.ExecutionException: org.openqa.selenium.TimeoutException: Process timed out after waiting for 20000 ms.
Build info: version: '4.12.0', revision: '249f2a7d1b*'
System info: os.name: 'Windows 10', os.arch: 'amd64', os.version: '10.0', java.version: '17.0.8.1'
Driver info: driver.version: unknown
at java.base/java.util.concurrent.CompletableFuture.reportGet(CompletableFuture.java:396)
at java.base/java.util.concurrent.CompletableFuture.get(CompletableFuture.java:2096)
at org.openqa.selenium.remote.service.DriverCommandExecutor.execute(DriverCommandExecutor.java:157)
... 33 more
Caused by: org.openqa.selenium.TimeoutException: Process timed out after waiting for 20000 ms.
Build info: version: '4.12.0', revision: '249f2a7d1b*'
System info: os.name: 'Windows 10', os.arch: 'amd64', os.version: '10.0', java.version: '17.0.8.1'
Driver info: driver.version: unknown
at org.openqa.selenium.os.OsProcess.waitFor(OsProcess.java:183)
at org.openqa.selenium.os.CommandLine.waitFor(CommandLine.java:117)
at org.openqa.selenium.remote.service.DriverCommandExecutor.lambda$execute$2(DriverCommandExecutor.java:148)
at java.base/java.util.concurrent.CompletableFuture$AsyncSupply.run(CompletableFuture.java:1768)
at java.base/java.util.concurrent.ThreadPoolExecutor.runWorker(ThreadPoolExecutor.java:1136)
at java.base/java.util.concurrent.ThreadPoolExecutor$Worker.run(ThreadPoolExecutor.java:635)
at java.base/java.lang.Thread.run(Thread.java:833)
]]>
            </full-stacktrace>
          </exception> <!-- org.openqa.selenium.WebDriverException -->
          <reporter-output>
          </reporter-output>
        </test-method> <!-- afterclass -->
      </class> <!-- HomePageTestScript.TC02_Test -->
      <class name="HomePageTestScript.TC13_Test">
        <test-method is-config="true" signature="beforeClass(java.lang.String)[pri:0, instance:HomePageTestScript.TC13_Test@2a8448fa]" started-at="2024-06-06T17:02:16 IST" name="beforeClass" finished-at="2024-06-06T17:02:19 IST" duration-ms="3224" status="PASS">
          <params>
            <param index="0">
              <value>
                <![CDATA[Chrome]]>
              </value>
            </param>
          </params>
          <reporter-output>
          </reporter-output>
        </test-method> <!-- beforeClass -->
        <test-method is-config="true" signature="beforeMethod(java.lang.reflect.Method)[pri:0, instance:HomePageTestScript.TC13_Test@2a8448fa]" started-at="2024-06-06T17:02:19 IST" name="beforeMethod" finished-at="2024-06-06T17:02:25 IST" duration-ms="5764" status="PASS">
          <params>
            <param index="0">
              <value>
                <![CDATA[public void HomePageTestScript.TC13_Test.awesomelinktext() throws java.lang.Throwable]]>
              </value>
            </param>
          </params>
          <reporter-output>
          </reporter-output>
        </test-method> <!-- beforeMethod -->
        <test-method signature="awesomelinktext()[pri:0, instance:HomePageTestScript.TC13_Test@2a8448fa]" started-at="2024-06-06T17:02:25 IST" name="awesomelinktext" finished-at="2024-06-06T17:02:28 IST" duration-ms="2901" status="PASS">
          <reporter-output>
          </reporter-output>
        </test-method> <!-- awesomelinktext -->
        <test-method is-config="true" signature="aftermethod()[pri:0, instance:HomePageTestScript.TC13_Test@2a8448fa]" started-at="2024-06-06T17:02:28 IST" name="aftermethod" finished-at="2024-06-06T17:02:29 IST" duration-ms="872" status="PASS">
          <reporter-output>
          </reporter-output>
        </test-method> <!-- aftermethod -->
        <test-method is-config="true" signature="afterclass()[pri:0, instance:HomePageTestScript.TC13_Test@2a8448fa]" started-at="2024-06-06T17:02:29 IST" name="afterclass" finished-at="2024-06-06T17:02:31 IST" duration-ms="2135" status="PASS">
          <reporter-output>
          </reporter-output>
        </test-method> <!-- afterclass -->
      </class> <!-- HomePageTestScript.TC13_Test -->
      <class name="HomePageTestScript.TC05_Test">
        <test-method is-config="true" signature="beforeClass(java.lang.String)[pri:0, instance:HomePageTestScript.TC05_Test@3de8f619]" started-at="2024-06-06T16:59:21 IST" name="beforeClass" finished-at="2024-06-06T16:59:24 IST" duration-ms="2698" status="PASS">
          <params>
            <param index="0">
              <value>
                <![CDATA[Chrome]]>
              </value>
            </param>
          </params>
          <reporter-output>
          </reporter-output>
        </test-method> <!-- beforeClass -->
        <test-method is-config="true" signature="beforeMethod(java.lang.reflect.Method)[pri:0, instance:HomePageTestScript.TC05_Test@3de8f619]" started-at="2024-06-06T16:59:24 IST" name="beforeMethod" finished-at="2024-06-06T16:59:29 IST" duration-ms="4956" status="PASS">
          <params>
            <param index="0">
              <value>
                <![CDATA[public void HomePageTestScript.TC05_Test.Computertext() throws java.lang.Throwable]]>
              </value>
            </param>
          </params>
          <reporter-output>
          </reporter-output>
        </test-method> <!-- beforeMethod -->
        <test-method signature="Computertext()[pri:0, instance:HomePageTestScript.TC05_Test@3de8f619]" started-at="2024-06-06T16:59:29 IST" name="Computertext" finished-at="2024-06-06T16:59:32 IST" duration-ms="2944" status="PASS">
          <reporter-output>
          </reporter-output>
        </test-method> <!-- Computertext -->
        <test-method is-config="true" signature="aftermethod()[pri:0, instance:HomePageTestScript.TC05_Test@3de8f619]" started-at="2024-06-06T16:59:32 IST" name="aftermethod" finished-at="2024-06-06T16:59:33 IST" duration-ms="904" status="PASS">
          <reporter-output>
          </reporter-output>
        </test-method> <!-- aftermethod -->
        <test-method is-config="true" signature="afterclass()[pri:0, instance:HomePageTestScript.TC05_Test@3de8f619]" started-at="2024-06-06T16:59:33 IST" name="afterclass" finished-at="2024-06-06T16:59:38 IST" duration-ms="5032" status="PASS">
          <reporter-output>
          </reporter-output>
        </test-method> <!-- afterclass -->
      </class> <!-- HomePageTestScript.TC05_Test -->
      <class name="HomePageTestScript.TC24_Test">
        <test-method is-config="true" signature="beforeClass(java.lang.String)[pri:0, instance:HomePageTestScript.TC24_Test@338fc1d8]" started-at="2024-06-06T17:05:10 IST" name="beforeClass" finished-at="2024-06-06T17:05:13 IST" duration-ms="2987" status="PASS">
          <params>
            <param index="0">
              <value>
                <![CDATA[Chrome]]>
              </value>
            </param>
          </params>
          <reporter-output>
          </reporter-output>
        </test-method> <!-- beforeClass -->
        <test-method is-config="true" signature="beforeMethod(java.lang.reflect.Method)[pri:0, instance:HomePageTestScript.TC24_Test@338fc1d8]" started-at="2024-06-06T17:05:13 IST" name="beforeMethod" finished-at="2024-06-06T17:05:19 IST" duration-ms="6102" status="PASS">
          <params>
            <param index="0">
              <value>
                <![CDATA[public void HomePageTestScript.TC24_Test.shirtlinktext() throws java.lang.Throwable]]>
              </value>
            </param>
          </params>
          <reporter-output>
          </reporter-output>
        </test-method> <!-- beforeMethod -->
        <test-method signature="shirtlinktext()[pri:0, instance:HomePageTestScript.TC24_Test@338fc1d8]" started-at="2024-06-06T17:05:19 IST" name="shirtlinktext" finished-at="2024-06-06T17:05:23 IST" duration-ms="4840" status="PASS">
          <reporter-output>
          </reporter-output>
        </test-method> <!-- shirtlinktext -->
        <test-method is-config="true" signature="aftermethod()[pri:0, instance:HomePageTestScript.TC24_Test@338fc1d8]" started-at="2024-06-06T17:05:23 IST" name="aftermethod" finished-at="2024-06-06T17:05:24 IST" duration-ms="759" status="PASS">
          <reporter-output>
          </reporter-output>
        </test-method> <!-- aftermethod -->
        <test-method is-config="true" signature="afterclass()[pri:0, instance:HomePageTestScript.TC24_Test@338fc1d8]" started-at="2024-06-06T17:05:24 IST" name="afterclass" finished-at="2024-06-06T17:05:25 IST" duration-ms="625" status="PASS">
          <reporter-output>
          </reporter-output>
        </test-method> <!-- afterclass -->
      </class> <!-- HomePageTestScript.TC24_Test -->
      <class name="HomePageTestScript.TC27_Test">
        <test-method is-config="true" signature="beforeClass(java.lang.String)[pri:0, instance:HomePageTestScript.TC27_Test@55cb6996]" started-at="2024-06-06T17:05:53 IST" name="beforeClass" finished-at="2024-06-06T17:05:56 IST" duration-ms="2714" status="PASS">
          <params>
            <param index="0">
              <value>
                <![CDATA[Chrome]]>
              </value>
            </param>
          </params>
          <reporter-output>
          </reporter-output>
        </test-method> <!-- beforeClass -->
        <test-method is-config="true" signature="beforeMethod(java.lang.reflect.Method)[pri:0, instance:HomePageTestScript.TC27_Test@55cb6996]" started-at="2024-06-06T17:05:56 IST" name="beforeMethod" finished-at="2024-06-06T17:06:00 IST" duration-ms="4402" status="PASS">
          <params>
            <param index="0">
              <value>
                <![CDATA[public void HomePageTestScript.TC27_Test.viewAlllinktext() throws java.lang.Throwable]]>
              </value>
            </param>
          </params>
          <reporter-output>
          </reporter-output>
        </test-method> <!-- beforeMethod -->
        <test-method signature="viewAlllinktext()[pri:0, instance:HomePageTestScript.TC27_Test@55cb6996]" started-at="2024-06-06T17:06:00 IST" name="viewAlllinktext" finished-at="2024-06-06T17:06:04 IST" duration-ms="3616" status="PASS">
          <reporter-output>
          </reporter-output>
        </test-method> <!-- viewAlllinktext -->
        <test-method is-config="true" signature="aftermethod()[pri:0, instance:HomePageTestScript.TC27_Test@55cb6996]" started-at="2024-06-06T17:06:04 IST" name="aftermethod" finished-at="2024-06-06T17:06:05 IST" duration-ms="772" status="PASS">
          <reporter-output>
          </reporter-output>
        </test-method> <!-- aftermethod -->
        <test-method is-config="true" signature="afterclass()[pri:0, instance:HomePageTestScript.TC27_Test@55cb6996]" started-at="2024-06-06T17:06:05 IST" name="afterclass" finished-at="2024-06-06T17:06:05 IST" duration-ms="598" status="PASS">
          <reporter-output>
          </reporter-output>
        </test-method> <!-- afterclass -->
      </class> <!-- HomePageTestScript.TC27_Test -->
      <class name="HomePageTestScript.TC08_Test">
        <test-method is-config="true" signature="beforeClass(java.lang.String)[pri:0, instance:HomePageTestScript.TC08_Test@eadd4fb]" started-at="2024-06-06T17:00:34 IST" name="beforeClass" finished-at="2024-06-06T17:00:39 IST" duration-ms="4399" status="PASS">
          <params>
            <param index="0">
              <value>
                <![CDATA[Chrome]]>
              </value>
            </param>
          </params>
          <reporter-output>
          </reporter-output>
        </test-method> <!-- beforeClass -->
        <test-method is-config="true" signature="beforeMethod(java.lang.reflect.Method)[pri:0, instance:HomePageTestScript.TC08_Test@eadd4fb]" started-at="2024-06-06T17:00:39 IST" name="beforeMethod" finished-at="2024-06-06T17:00:44 IST" duration-ms="5142" status="PASS">
          <params>
            <param index="0">
              <value>
                <![CDATA[public void HomePageTestScript.TC08_Test.digitaldownloadlink() throws java.lang.Throwable]]>
              </value>
            </param>
          </params>
          <reporter-output>
          </reporter-output>
        </test-method> <!-- beforeMethod -->
        <test-method signature="digitaldownloadlink()[pri:0, instance:HomePageTestScript.TC08_Test@eadd4fb]" started-at="2024-06-06T17:00:44 IST" name="digitaldownloadlink" finished-at="2024-06-06T17:00:47 IST" duration-ms="3233" status="PASS">
          <reporter-output>
          </reporter-output>
        </test-method> <!-- digitaldownloadlink -->
        <test-method is-config="true" signature="aftermethod()[pri:0, instance:HomePageTestScript.TC08_Test@eadd4fb]" started-at="2024-06-06T17:00:47 IST" name="aftermethod" finished-at="2024-06-06T17:00:48 IST" duration-ms="838" status="PASS">
          <reporter-output>
          </reporter-output>
        </test-method> <!-- aftermethod -->
        <test-method is-config="true" signature="afterclass()[pri:0, instance:HomePageTestScript.TC08_Test@eadd4fb]" started-at="2024-06-06T17:00:48 IST" name="afterclass" finished-at="2024-06-06T17:00:50 IST" duration-ms="2326" status="PASS">
          <reporter-output>
          </reporter-output>
        </test-method> <!-- afterclass -->
      </class> <!-- HomePageTestScript.TC08_Test -->
      <class name="HomePageTestScript.TC04_Test">
        <test-method is-config="true" signature="beforeClass(java.lang.String)[pri:0, instance:HomePageTestScript.TC04_Test@710636b0]" started-at="2024-06-06T16:59:06 IST" name="beforeClass" finished-at="2024-06-06T16:59:09 IST" duration-ms="3119" status="PASS">
          <params>
            <param index="0">
              <value>
                <![CDATA[Chrome]]>
              </value>
            </param>
          </params>
          <reporter-output>
          </reporter-output>
        </test-method> <!-- beforeClass -->
        <test-method is-config="true" signature="beforeMethod(java.lang.reflect.Method)[pri:0, instance:HomePageTestScript.TC04_Test@710636b0]" started-at="2024-06-06T16:59:09 IST" name="beforeMethod" finished-at="2024-06-06T16:59:14 IST" duration-ms="5535" status="PASS">
          <params>
            <param index="0">
              <value>
                <![CDATA[public void HomePageTestScript.TC04_Test.books() throws java.lang.Throwable]]>
              </value>
            </param>
          </params>
          <reporter-output>
          </reporter-output>
        </test-method> <!-- beforeMethod -->
        <test-method signature="books()[pri:0, instance:HomePageTestScript.TC04_Test@710636b0]" started-at="2024-06-06T16:59:14 IST" name="books" finished-at="2024-06-06T16:59:19 IST" duration-ms="4190" status="PASS">
          <reporter-output>
          </reporter-output>
        </test-method> <!-- books -->
        <test-method is-config="true" signature="aftermethod()[pri:0, instance:HomePageTestScript.TC04_Test@710636b0]" started-at="2024-06-06T16:59:19 IST" name="aftermethod" finished-at="2024-06-06T16:59:19 IST" duration-ms="909" status="PASS">
          <reporter-output>
          </reporter-output>
        </test-method> <!-- aftermethod -->
        <test-method is-config="true" signature="afterclass()[pri:0, instance:HomePageTestScript.TC04_Test@710636b0]" started-at="2024-06-06T16:59:19 IST" name="afterclass" finished-at="2024-06-06T16:59:21 IST" duration-ms="1689" status="PASS">
          <reporter-output>
          </reporter-output>
        </test-method> <!-- afterclass -->
      </class> <!-- HomePageTestScript.TC04_Test -->
      <class name="HomePageTestScript.TC01_Test">
        <test-method is-config="true" signature="beforesuite()[pri:0, instance:HomePageTestScript.TC01_Test@4007f65e]" started-at="2024-06-06T16:53:30 IST" name="beforesuite" finished-at="2024-06-06T16:53:33 IST" duration-ms="3347" status="PASS">
          <reporter-output>
          </reporter-output>
        </test-method> <!-- beforesuite -->
        <test-method is-config="true" signature="beforeClass(java.lang.String)[pri:0, instance:HomePageTestScript.TC01_Test@4007f65e]" started-at="2024-06-06T16:53:34 IST" name="beforeClass" finished-at="2024-06-06T16:54:20 IST" duration-ms="46635" status="PASS">
          <params>
            <param index="0">
              <value>
                <![CDATA[Chrome]]>
              </value>
            </param>
          </params>
          <reporter-output>
          </reporter-output>
        </test-method> <!-- beforeClass -->
        <test-method is-config="true" signature="beforeMethod(java.lang.reflect.Method)[pri:0, instance:HomePageTestScript.TC01_Test@4007f65e]" started-at="2024-06-06T16:54:20 IST" name="beforeMethod" finished-at="2024-06-06T16:54:28 IST" duration-ms="8110" status="PASS">
          <params>
            <param index="0">
              <value>
                <![CDATA[public void HomePageTestScript.TC01_Test.Searchbox() throws java.lang.Throwable]]>
              </value>
            </param>
          </params>
          <reporter-output>
          </reporter-output>
        </test-method> <!-- beforeMethod -->
        <test-method signature="Searchbox()[pri:0, instance:HomePageTestScript.TC01_Test@4007f65e]" started-at="2024-06-06T16:54:28 IST" name="Searchbox" finished-at="2024-06-06T16:54:35 IST" duration-ms="6209" status="PASS">
          <reporter-output>
          </reporter-output>
        </test-method> <!-- Searchbox -->
        <test-method is-config="true" signature="aftermethod()[pri:0, instance:HomePageTestScript.TC01_Test@4007f65e]" started-at="2024-06-06T16:54:35 IST" name="aftermethod" finished-at="2024-06-06T16:54:46 IST" duration-ms="11703" status="PASS">
          <reporter-output>
          </reporter-output>
        </test-method> <!-- aftermethod -->
        <test-method is-config="true" signature="afterclass()[pri:0, instance:HomePageTestScript.TC01_Test@4007f65e]" started-at="2024-06-06T16:54:46 IST" name="afterclass" finished-at="2024-06-06T16:55:12 IST" duration-ms="25186" status="FAIL">
          <exception class="org.openqa.selenium.WebDriverException">
            <message>
              <![CDATA[Timed out waiting for driver server to stop.
Build info: version: '4.12.0', revision: '249f2a7d1b*'
System info: os.name: 'Windows 10', os.arch: 'amd64', os.version: '10.0', java.version: '17.0.8.1'
Driver info: org.openqa.selenium.chrome.ChromeDriver
Command: [afa6fa18f2cdde6ba08bd7ec120096a4, quit {}]
Capabilities {acceptInsecureCerts: false, browserName: chrome, browserVersion: 125.0.6422.142, chrome: {chromedriverVersion: 125.0.6422.141 (4b1e8393712..., userDataDir: C:\Users\pdhama01\AppData\L...}, fedcm:accounts: true, goog:chromeOptions: {debuggerAddress: localhost:54615}, networkConnectionEnabled: false, pageLoadStrategy: normal, platformName: windows, proxy: Proxy(), se:cdp: ws://localhost:54615/devtoo..., se:cdpVersion: 125.0.6422.142, setWindowRect: true, strictFileInteractability: false, timeouts: {implicit: 0, pageLoad: 300000, script: 30000}, unhandledPromptBehavior: dismiss and notify, webauthn:extension:credBlob: true, webauthn:extension:largeBlob: true, webauthn:extension:minPinLength: true, webauthn:extension:prf: true, webauthn:virtualAuthenticators: true}
Session ID: afa6fa18f2cdde6ba08bd7ec120096a4]]>
            </message>
            <full-stacktrace>
              <![CDATA[org.openqa.selenium.WebDriverException: Timed out waiting for driver server to stop.
Build info: version: '4.12.0', revision: '249f2a7d1b*'
System info: os.name: 'Windows 10', os.arch: 'amd64', os.version: '10.0', java.version: '17.0.8.1'
Driver info: org.openqa.selenium.chrome.ChromeDriver
Command: [afa6fa18f2cdde6ba08bd7ec120096a4, quit {}]
Capabilities {acceptInsecureCerts: false, browserName: chrome, browserVersion: 125.0.6422.142, chrome: {chromedriverVersion: 125.0.6422.141 (4b1e8393712..., userDataDir: C:\Users\pdhama01\AppData\L...}, fedcm:accounts: true, goog:chromeOptions: {debuggerAddress: localhost:54615}, networkConnectionEnabled: false, pageLoadStrategy: normal, platformName: windows, proxy: Proxy(), se:cdp: ws://localhost:54615/devtoo..., se:cdpVersion: 125.0.6422.142, setWindowRect: true, strictFileInteractability: false, timeouts: {implicit: 0, pageLoad: 300000, script: 30000}, unhandledPromptBehavior: dismiss and notify, webauthn:extension:credBlob: true, webauthn:extension:largeBlob: true, webauthn:extension:minPinLength: true, webauthn:extension:prf: true, webauthn:virtualAuthenticators: true}
Session ID: afa6fa18f2cdde6ba08bd7ec120096a4
at org.openqa.selenium.remote.service.DriverCommandExecutor.execute(DriverCommandExecutor.java:161)
at org.openqa.selenium.remote.RemoteWebDriver.execute(RemoteWebDriver.java:602)
at org.openqa.selenium.remote.RemoteWebDriver.execute(RemoteWebDriver.java:675)
at org.openqa.selenium.remote.RemoteWebDriver.execute(RemoteWebDriver.java:679)
at org.openqa.selenium.remote.RemoteWebDriver.quit(RemoteWebDriver.java:437)
at org.openqa.selenium.chromium.ChromiumDriver.quit(ChromiumDriver.java:351)
at genericlib.BaseClass.afterclass(BaseClass.java:100)
at java.base/jdk.internal.reflect.NativeMethodAccessorImpl.invoke0(Native Method)
at java.base/jdk.internal.reflect.NativeMethodAccessorImpl.invoke(NativeMethodAccessorImpl.java:77)
at java.base/jdk.internal.reflect.DelegatingMethodAccessorImpl.invoke(DelegatingMethodAccessorImpl.java:43)
at java.base/java.lang.reflect.Method.invoke(Method.java:568)
at org.testng.internal.invokers.MethodInvocationHelper.invokeMethod(MethodInvocationHelper.java:141)
at org.testng.internal.invokers.MethodInvocationHelper.invokeMethodConsideringTimeout(MethodInvocationHelper.java:71)
at org.testng.internal.invokers.ConfigInvoker.invokeConfigurationMethod(ConfigInvoker.java:400)
at org.testng.internal.invokers.ConfigInvoker.invokeConfigurations(ConfigInvoker.java:333)
at org.testng.internal.invokers.TestMethodWorker.invokeAfterClassConfigurations(TestMethodWorker.java:238)
at org.testng.internal.invokers.TestMethodWorker.invokeAfterClassMethods(TestMethodWorker.java:223)
at org.testng.internal.invokers.TestMethodWorker.run(TestMethodWorker.java:137)
at java.base/java.util.ArrayList.forEach(ArrayList.java:1511)
at org.testng.TestRunner.privateRun(TestRunner.java:739)
at org.testng.TestRunner.run(TestRunner.java:614)
at org.testng.SuiteRunner.runTest(SuiteRunner.java:421)
at org.testng.SuiteRunner.runSequentially(SuiteRunner.java:413)
at org.testng.SuiteRunner.privateRun(SuiteRunner.java:373)
at org.testng.SuiteRunner.run(SuiteRunner.java:312)
at org.testng.SuiteRunnerWorker.runSuite(SuiteRunnerWorker.java:52)
at org.testng.SuiteRunnerWorker.run(SuiteRunnerWorker.java:95)
at org.testng.TestNG.runSuitesSequentially(TestNG.java:1274)
at org.testng.TestNG.runSuitesLocally(TestNG.java:1208)
at org.testng.TestNG.runSuites(TestNG.java:1112)
at org.testng.TestNG.run(TestNG.java:1079)
at org.testng.remote.AbstractRemoteTestNG.run(AbstractRemoteTestNG.java:115)
at org.testng.remote.RemoteTestNG.initAndRun(RemoteTestNG.java:293)
at org.testng.remote.RemoteTestNG.main(RemoteTestNG.java:91)
Caused by: java.util.concurrent.ExecutionException: org.openqa.selenium.TimeoutException: Process timed out after waiting for 20000 ms.
Build info: version: '4.12.0', revision: '249f2a7d1b*'
System info: os.name: 'Windows 10', os.arch: 'amd64', os.version: '10.0', java.version: '17.0.8.1'
Driver info: driver.version: unknown
at java.base/java.util.concurrent.CompletableFuture.reportGet(CompletableFuture.java:396)
at java.base/java.util.concurrent.CompletableFuture.get(CompletableFuture.java:2096)
at org.openqa.selenium.remote.service.DriverCommandExecutor.execute(DriverCommandExecutor.java:157)
... 33 more
Caused by: org.openqa.selenium.TimeoutException: Process timed out after waiting for 20000 ms.
Build info: version: '4.12.0', revision: '249f2a7d1b*'
System info: os.name: 'Windows 10', os.arch: 'amd64', os.version: '10.0', java.version: '17.0.8.1'
Driver info: driver.version: unknown
at org.openqa.selenium.os.OsProcess.waitFor(OsProcess.java:183)
at org.openqa.selenium.os.CommandLine.waitFor(CommandLine.java:117)
at org.openqa.selenium.remote.service.DriverCommandExecutor.lambda$execute$2(DriverCommandExecutor.java:148)
at java.base/java.util.concurrent.CompletableFuture$AsyncSupply.run(CompletableFuture.java:1768)
at java.base/java.util.concurrent.ThreadPoolExecutor.runWorker(ThreadPoolExecutor.java:1136)
at java.base/java.util.concurrent.ThreadPoolExecutor$Worker.run(ThreadPoolExecutor.java:635)
at java.base/java.lang.Thread.run(Thread.java:833)
]]>
            </full-stacktrace>
          </exception> <!-- org.openqa.selenium.WebDriverException -->
          <reporter-output>
          </reporter-output>
        </test-method> <!-- afterclass -->
        <test-method is-config="true" signature="aftersuite()[pri:0, instance:HomePageTestScript.TC01_Test@4007f65e]" started-at="2024-06-06T17:06:05 IST" name="aftersuite" finished-at="2024-06-06T17:06:06 IST" duration-ms="874" status="PASS">
          <reporter-output>
          </reporter-output>
        </test-method> <!-- aftersuite -->
      </class> <!-- HomePageTestScript.TC01_Test -->
      <class name="HomePageTestScript.TC15_Test">
        <test-method is-config="true" signature="beforeClass(java.lang.String)[pri:0, instance:HomePageTestScript.TC15_Test@2de56eb2]" started-at="2024-06-06T17:02:45 IST" name="beforeClass" finished-at="2024-06-06T17:02:49 IST" duration-ms="3848" status="PASS">
          <params>
            <param index="0">
              <value>
                <![CDATA[Chrome]]>
              </value>
            </param>
          </params>
          <reporter-output>
          </reporter-output>
        </test-method> <!-- beforeClass -->
        <test-method is-config="true" signature="beforeMethod(java.lang.reflect.Method)[pri:0, instance:HomePageTestScript.TC15_Test@2de56eb2]" started-at="2024-06-06T17:02:49 IST" name="beforeMethod" finished-at="2024-06-06T17:02:55 IST" duration-ms="5494" status="PASS">
          <params>
            <param index="0">
              <value>
                <![CDATA[public void HomePageTestScript.TC15_Test.camera()]]>
              </value>
            </param>
          </params>
          <reporter-output>
          </reporter-output>
        </test-method> <!-- beforeMethod -->
        <test-method signature="camera()[pri:0, instance:HomePageTestScript.TC15_Test@2de56eb2]" started-at="2024-06-06T17:02:55 IST" name="camera" finished-at="2024-06-06T17:02:56 IST" duration-ms="914" status="PASS">
          <reporter-output>
          </reporter-output>
        </test-method> <!-- camera -->
        <test-method is-config="true" signature="aftermethod()[pri:0, instance:HomePageTestScript.TC15_Test@2de56eb2]" started-at="2024-06-06T17:02:56 IST" name="aftermethod" finished-at="2024-06-06T17:02:56 IST" duration-ms="815" status="PASS">
          <reporter-output>
          </reporter-output>
        </test-method> <!-- aftermethod -->
        <test-method is-config="true" signature="afterclass()[pri:0, instance:HomePageTestScript.TC15_Test@2de56eb2]" started-at="2024-06-06T17:02:56 IST" name="afterclass" finished-at="2024-06-06T17:03:00 IST" duration-ms="3299" status="PASS">
          <reporter-output>
          </reporter-output>
        </test-method> <!-- afterclass -->
      </class> <!-- HomePageTestScript.TC15_Test -->
      <class name="HomePageTestScript.TC18_Test">
        <test-method is-config="true" signature="beforeClass(java.lang.String)[pri:0, instance:HomePageTestScript.TC18_Test@3ad83a66]" started-at="2024-06-06T17:03:32 IST" name="beforeClass" finished-at="2024-06-06T17:03:35 IST" duration-ms="3415" status="PASS">
          <params>
            <param index="0">
              <value>
                <![CDATA[Chrome]]>
              </value>
            </param>
          </params>
          <reporter-output>
          </reporter-output>
        </test-method> <!-- beforeClass -->
        <test-method is-config="true" signature="beforeMethod(java.lang.reflect.Method)[pri:0, instance:HomePageTestScript.TC18_Test@3ad83a66]" started-at="2024-06-06T17:03:35 IST" name="beforeMethod" finished-at="2024-06-06T17:03:40 IST" duration-ms="4828" status="PASS">
          <params>
            <param index="0">
              <value>
                <![CDATA[public void HomePageTestScript.TC18_Test.computerlinkstext()]]>
              </value>
            </param>
          </params>
          <reporter-output>
          </reporter-output>
        </test-method> <!-- beforeMethod -->
        <test-method signature="computerlinkstext()[pri:0, instance:HomePageTestScript.TC18_Test@3ad83a66]" started-at="2024-06-06T17:03:40 IST" name="computerlinkstext" finished-at="2024-06-06T17:03:41 IST" duration-ms="926" status="PASS">
          <reporter-output>
          </reporter-output>
        </test-method> <!-- computerlinkstext -->
        <test-method is-config="true" signature="aftermethod()[pri:0, instance:HomePageTestScript.TC18_Test@3ad83a66]" started-at="2024-06-06T17:03:41 IST" name="aftermethod" finished-at="2024-06-06T17:03:42 IST" duration-ms="990" status="PASS">
          <reporter-output>
          </reporter-output>
        </test-method> <!-- aftermethod -->
        <test-method is-config="true" signature="afterclass()[pri:0, instance:HomePageTestScript.TC18_Test@3ad83a66]" started-at="2024-06-06T17:03:42 IST" name="afterclass" finished-at="2024-06-06T17:03:47 IST" duration-ms="4660" status="PASS">
          <reporter-output>
          </reporter-output>
        </test-method> <!-- afterclass -->
      </class> <!-- HomePageTestScript.TC18_Test -->
      <class name="HomePageTestScript.TC12_Test">
        <test-method is-config="true" signature="beforeClass(java.lang.String)[pri:0, instance:HomePageTestScript.TC12_Test@239a307b]" started-at="2024-06-06T17:02:01 IST" name="beforeClass" finished-at="2024-06-06T17:02:04 IST" duration-ms="3313" status="PASS">
          <params>
            <param index="0">
              <value>
                <![CDATA[Chrome]]>
              </value>
            </param>
          </params>
          <reporter-output>
          </reporter-output>
        </test-method> <!-- beforeClass -->
        <test-method is-config="true" signature="beforeMethod(java.lang.reflect.Method)[pri:0, instance:HomePageTestScript.TC12_Test@239a307b]" started-at="2024-06-06T17:02:04 IST" name="beforeMethod" finished-at="2024-06-06T17:02:09 IST" duration-ms="5411" status="PASS">
          <params>
            <param index="0">
              <value>
                <![CDATA[public void HomePageTestScript.TC12_Test.apparellink()]]>
              </value>
            </param>
          </params>
          <reporter-output>
          </reporter-output>
        </test-method> <!-- beforeMethod -->
        <test-method signature="apparellink()[pri:0, instance:HomePageTestScript.TC12_Test@239a307b]" started-at="2024-06-06T17:02:09 IST" name="apparellink" finished-at="2024-06-06T17:02:11 IST" duration-ms="1288" status="PASS">
          <reporter-output>
          </reporter-output>
        </test-method> <!-- apparellink -->
        <test-method is-config="true" signature="aftermethod()[pri:0, instance:HomePageTestScript.TC12_Test@239a307b]" started-at="2024-06-06T17:02:11 IST" name="aftermethod" finished-at="2024-06-06T17:02:11 IST" duration-ms="796" status="PASS">
          <reporter-output>
          </reporter-output>
        </test-method> <!-- aftermethod -->
        <test-method is-config="true" signature="afterclass()[pri:0, instance:HomePageTestScript.TC12_Test@239a307b]" started-at="2024-06-06T17:02:11 IST" name="afterclass" finished-at="2024-06-06T17:02:16 IST" duration-ms="4684" status="PASS">
          <reporter-output>
          </reporter-output>
        </test-method> <!-- afterclass -->
      </class> <!-- HomePageTestScript.TC12_Test -->
      <class name="HomePageTestScript.TC23_Test">
        <test-method is-config="true" signature="beforeClass(java.lang.String)[pri:0, instance:HomePageTestScript.TC23_Test@5b38c1ec]" started-at="2024-06-06T17:04:53 IST" name="beforeClass" finished-at="2024-06-06T17:04:57 IST" duration-ms="3515" status="PASS">
          <params>
            <param index="0">
              <value>
                <![CDATA[Chrome]]>
              </value>
            </param>
          </params>
          <reporter-output>
          </reporter-output>
        </test-method> <!-- beforeClass -->
        <test-method is-config="true" signature="beforeMethod(java.lang.reflect.Method)[pri:0, instance:HomePageTestScript.TC23_Test@5b38c1ec]" started-at="2024-06-06T17:04:57 IST" name="beforeMethod" finished-at="2024-06-06T17:05:03 IST" duration-ms="6030" status="PASS">
          <params>
            <param index="0">
              <value>
                <![CDATA[public void HomePageTestScript.TC23_Test.nicelinktext() throws java.lang.Throwable]]>
              </value>
            </param>
          </params>
          <reporter-output>
          </reporter-output>
        </test-method> <!-- beforeMethod -->
        <test-method signature="nicelinktext()[pri:0, instance:HomePageTestScript.TC23_Test@5b38c1ec]" started-at="2024-06-06T17:05:03 IST" name="nicelinktext" finished-at="2024-06-06T17:05:08 IST" duration-ms="5078" status="PASS">
          <reporter-output>
          </reporter-output>
        </test-method> <!-- nicelinktext -->
        <test-method is-config="true" signature="aftermethod()[pri:0, instance:HomePageTestScript.TC23_Test@5b38c1ec]" started-at="2024-06-06T17:05:08 IST" name="aftermethod" finished-at="2024-06-06T17:05:09 IST" duration-ms="907" status="PASS">
          <reporter-output>
          </reporter-output>
        </test-method> <!-- aftermethod -->
        <test-method is-config="true" signature="afterclass()[pri:0, instance:HomePageTestScript.TC23_Test@5b38c1ec]" started-at="2024-06-06T17:05:09 IST" name="afterclass" finished-at="2024-06-06T17:05:10 IST" duration-ms="964" status="PASS">
          <reporter-output>
          </reporter-output>
        </test-method> <!-- afterclass -->
      </class> <!-- HomePageTestScript.TC23_Test -->
      <class name="HomePageTestScript.TC07_Test">
        <test-method is-config="true" signature="beforeClass(java.lang.String)[pri:0, instance:HomePageTestScript.TC07_Test@4e5ed836]" started-at="2024-06-06T17:00:12 IST" name="beforeClass" finished-at="2024-06-06T17:00:15 IST" duration-ms="3783" status="PASS">
          <params>
            <param index="0">
              <value>
                <![CDATA[Chrome]]>
              </value>
            </param>
          </params>
          <reporter-output>
          </reporter-output>
        </test-method> <!-- beforeClass -->
        <test-method is-config="true" signature="beforeMethod(java.lang.reflect.Method)[pri:0, instance:HomePageTestScript.TC07_Test@4e5ed836]" started-at="2024-06-06T17:00:15 IST" name="beforeMethod" finished-at="2024-06-06T17:00:22 IST" duration-ms="6767" status="PASS">
          <params>
            <param index="0">
              <value>
                <![CDATA[public void HomePageTestScript.TC07_Test.appareltext() throws java.lang.Throwable]]>
              </value>
            </param>
          </params>
          <reporter-output>
          </reporter-output>
        </test-method> <!-- beforeMethod -->
        <test-method signature="appareltext()[pri:0, instance:HomePageTestScript.TC07_Test@4e5ed836]" started-at="2024-06-06T17:00:22 IST" name="appareltext" finished-at="2024-06-06T17:00:26 IST" duration-ms="3585" status="PASS">
          <reporter-output>
          </reporter-output>
        </test-method> <!-- appareltext -->
        <test-method is-config="true" signature="aftermethod()[pri:0, instance:HomePageTestScript.TC07_Test@4e5ed836]" started-at="2024-06-06T17:00:26 IST" name="aftermethod" finished-at="2024-06-06T17:00:28 IST" duration-ms="1864" status="PASS">
          <reporter-output>
          </reporter-output>
        </test-method> <!-- aftermethod -->
        <test-method is-config="true" signature="afterclass()[pri:0, instance:HomePageTestScript.TC07_Test@4e5ed836]" started-at="2024-06-06T17:00:28 IST" name="afterclass" finished-at="2024-06-06T17:00:34 IST" duration-ms="6644" status="PASS">
          <reporter-output>
          </reporter-output>
        </test-method> <!-- afterclass -->
      </class> <!-- HomePageTestScript.TC07_Test -->
    </test> <!-- Test -->
  </suite> <!-- Suite -->
</testng-results>
